E:\STUDY\UNIVERSITY\SEM 4\CS2103-CS2103T\REPO\CS2103JAN2014-F12-5C\VERITASK\VERITASK\DEBUG\VC110.PDB
E:\STUDY\UNIVERSITY\SEM 4\CS2103-CS2103T\PROJECT\PROJECT\VERITASK\VERITASK\DEBUG\MAIN.OBJ
E:\STUDY\UNIVERSITY\SEM 4\CS2103-CS2103T\PROJECT\PROJECT\VERITASK\VERITASK\DEBUG\VC110.PDB
E:\STUDY\UNIVERSITY\SEM 4\CS2103-CS2103T\PROJECT\PROJECT\VERITASK\VERITASK\DEBUG\FILE.OBJ
E:\STUDY\UNIVERSITY\SEM 4\CS2103-CS2103T\PROJECT\PROJECT\VERITASK\VERITASK\DEBUG\IDENTIFIER.OBJ
E:\STUDY\UNIVERSITY\SEM 4\CS2103-CS2103T\PROJECT\PROJECT\VERITASK\VERITASK\DEBUG\VERITASK.OBJ
E:\STUDY\UNIVERSITY\SEM 4\CS2103-CS2103T\PROJECT\PROJECT\VERITASK\VERITASK\DEBUG\TASK.OBJ
E:\STUDY\UNIVERSITY\SEM 4\CS2103-CS2103T\PROJECT\PROJECT\VERITASK\DEBUG\VERITASK.ILK
E:\STUDY\UNIVERSITY\SEM 4\CS2103-CS2103T\PROJECT\PROJECT\VERITASK\DEBUG\VERITASK.EXE
E:\STUDY\UNIVERSITY\SEM 4\CS2103-CS2103T\PROJECT\PROJECT\VERITASK\DEBUG\VERITASK.PDB
E:\Study\University\SEM 4\CS2103-CS2103T\Project\Project\VeriTask\VeriTask\Debug\File.obj
E:\Study\University\SEM 4\CS2103-CS2103T\Project\Project\VeriTask\VeriTask\Debug\Identifier.obj
E:\Study\University\SEM 4\CS2103-CS2103T\Project\Project\VeriTask\VeriTask\Debug\Main.obj
E:\Study\University\SEM 4\CS2103-CS2103T\Project\Project\VeriTask\VeriTask\Debug\Source.obj
E:\Study\University\SEM 4\CS2103-CS2103T\Project\Project\VeriTask\VeriTask\Debug\Task.obj
E:\Study\University\SEM 4\CS2103-CS2103T\Project\Project\VeriTask\VeriTask\Debug\VeriTask.obj
E:\Study\University\SEM 4\CS2103-CS2103T\Project\Project\VeriTask\VeriTask\Debug\cl.command.1.tlog
E:\Study\University\SEM 4\CS2103-CS2103T\Project\Project\VeriTask\VeriTask\Debug\CL.read.1.tlog
E:\Study\University\SEM 4\CS2103-CS2103T\Project\Project\VeriTask\VeriTask\Debug\CL.write.1.tlog
E:\Study\University\SEM 4\CS2103-CS2103T\Project\Project\VeriTask\VeriTask\Debug\link-cvtres.read.1.tlog
E:\Study\University\SEM 4\CS2103-CS2103T\Project\Project\VeriTask\VeriTask\Debug\link-cvtres.write.1.tlog
E:\Study\University\SEM 4\CS2103-CS2103T\Project\Project\VeriTask\VeriTask\Debug\link-rc.read.1.tlog
E:\Study\University\SEM 4\CS2103-CS2103T\Project\Project\VeriTask\VeriTask\Debug\link-rc.write.1.tlog
E:\Study\University\SEM 4\CS2103-CS2103T\Project\Project\VeriTask\VeriTask\Debug\link.9092-cvtres.read.1.tlog
E:\Study\University\SEM 4\CS2103-CS2103T\Project\Project\VeriTask\VeriTask\Debug\link.9092-cvtres.write.1.tlog
E:\Study\University\SEM 4\CS2103-CS2103T\Project\Project\VeriTask\VeriTask\Debug\link.9092-rc.read.1.tlog
E:\Study\University\SEM 4\CS2103-CS2103T\Project\Project\VeriTask\VeriTask\Debug\link.9092-rc.write.1.tlog
E:\Study\University\SEM 4\CS2103-CS2103T\Project\Project\VeriTask\VeriTask\Debug\link.9092.read.1.tlog
E:\Study\University\SEM 4\CS2103-CS2103T\Project\Project\VeriTask\VeriTask\Debug\link.9092.write.1.tlog
E:\Study\University\SEM 4\CS2103-CS2103T\Project\Project\VeriTask\VeriTask\Debug\link.command.1.tlog
E:\Study\University\SEM 4\CS2103-CS2103T\Project\Project\VeriTask\VeriTask\Debug\link.read.1.tlog
E:\Study\University\SEM 4\CS2103-CS2103T\Project\Project\VeriTask\VeriTask\Debug\link.write.1.tlog
E:\Study\University\SEM 4\CS2103-CS2103T\Project\Project\VeriTask\VeriTask\Debug\vc110.idb
E:\Study\University\SEM 4\CS2103-CS2103T\Project\Project\VeriTask\VeriTask\Debug\vc110.pdb
E:\Study\University\SEM 4\CS2103-CS2103T\Project\Project\VeriTask\Debug\VeriTask.pdb
E:\Study\University\SEM 4\CS2103-CS2103T\Project\Project\VeriTask\Debug\VeriTask.exe
E:\Study\University\SEM 4\CS2103-CS2103T\Project\Project\VeriTask\Debug\VeriTask.ilk
