E:\STUDY\UNIVERSITY\SEM 4\CS2103-CS2103T\PROJECT\PROJECT\VERITASK\UI\DEBUG\VERITASKUI.OBJ
E:\STUDY\UNIVERSITY\SEM 4\CS2103-CS2103T\PROJECT\PROJECT\VERITASK\UI\DEBUG\VC110.PDB
E:\STUDY\UNIVERSITY\SEM 4\CS2103-CS2103T\PROJECT\PROJECT\VERITASK\UI\DEBUG\.NETFRAMEWORK,VERSION=V4.5.ASSEMBLYATTRIBUTES.OBJ
E:\STUDY\UNIVERSITY\SEM 4\CS2103-CS2103T\PROJECT\PROJECT\VERITASK\DEBUG\UI.ILK
E:\STUDY\UNIVERSITY\SEM 4\CS2103-CS2103T\PROJECT\PROJECT\VERITASK\DEBUG\UI.EXE
E:\STUDY\UNIVERSITY\SEM 4\CS2103-CS2103T\PROJECT\PROJECT\VERITASK\DEBUG\UI.PDB
E:\Study\University\SEM 4\CS2103-CS2103T\Project\Project\VeriTask\UI\Debug\UI.VeriTaskUI.resources
E:\Study\University\SEM 4\CS2103-CS2103T\Project\Project\VeriTask\UI\Debug\UI.vcxproj.GenerateResource.Cache
E:\Study\University\SEM 4\CS2103-CS2103T\Project\Project\VeriTask\UI\Debug\UI.vcxprojResolveAssemblyReference.cache
E:\Study\University\SEM 4\CS2103-CS2103T\Project\Project\VeriTask\UI\Debug\.NETFramework,Version=v4.5.AssemblyAttributes.obj
E:\Study\University\SEM 4\CS2103-CS2103T\Project\Project\VeriTask\UI\Debug\VeriTaskUI.obj
E:\Study\University\SEM 4\CS2103-CS2103T\Project\Project\VeriTask\UI\Debug\cl.command.1.tlog
E:\Study\University\SEM 4\CS2103-CS2103T\Project\Project\VeriTask\UI\Debug\CL.read.1.tlog
E:\Study\University\SEM 4\CS2103-CS2103T\Project\Project\VeriTask\UI\Debug\CL.write.1.tlog
E:\Study\University\SEM 4\CS2103-CS2103T\Project\Project\VeriTask\UI\Debug\link.54892-cvtres.read.1.tlog
E:\Study\University\SEM 4\CS2103-CS2103T\Project\Project\VeriTask\UI\Debug\link.54892-cvtres.write.1.tlog
E:\Study\University\SEM 4\CS2103-CS2103T\Project\Project\VeriTask\UI\Debug\link.54892-rc.read.1.tlog
E:\Study\University\SEM 4\CS2103-CS2103T\Project\Project\VeriTask\UI\Debug\link.54892-rc.write.1.tlog
E:\Study\University\SEM 4\CS2103-CS2103T\Project\Project\VeriTask\UI\Debug\link.54892.read.1.tlog
E:\Study\University\SEM 4\CS2103-CS2103T\Project\Project\VeriTask\UI\Debug\link.54892.write.1.tlog
E:\Study\University\SEM 4\CS2103-CS2103T\Project\Project\VeriTask\UI\Debug\link.command.1.tlog
E:\Study\University\SEM 4\CS2103-CS2103T\Project\Project\VeriTask\UI\Debug\link.read.1.tlog
E:\Study\University\SEM 4\CS2103-CS2103T\Project\Project\VeriTask\UI\Debug\link.write.1.tlog
E:\Study\University\SEM 4\CS2103-CS2103T\Project\Project\VeriTask\UI\Debug\metagen.read.1.tlog
E:\Study\University\SEM 4\CS2103-CS2103T\Project\Project\VeriTask\UI\Debug\metagen.write.1.tlog
E:\Study\University\SEM 4\CS2103-CS2103T\Project\Project\VeriTask\UI\Debug\UI.write.1.tlog
E:\Study\University\SEM 4\CS2103-CS2103T\Project\Project\VeriTask\UI\Debug\vc110.pdb
E:\Study\University\SEM 4\CS2103-CS2103T\Project\Project\VeriTask\UI\Debug\RSAENH.DLL.bi
E:\Study\University\SEM 4\CS2103-CS2103T\Project\Project\VeriTask\UI\Debug\TZRES.DLL.bi
E:\Study\University\SEM 4\CS2103-CS2103T\Project\Project\VeriTask\Debug\UI.pdb
E:\Study\University\SEM 4\CS2103-CS2103T\Project\Project\VeriTask\Debug\UI.exe
E:\Study\University\SEM 4\CS2103-CS2103T\Project\Project\VeriTask\Debug\UI.ilk
